  MyForm.cpp
D:\Programming\CG\Lab_1\Image_Processing\Image_Processing\Filters.h(64,20): warning C4244: инициализация: преобразование "double" в "float", возможна потеря данных
D:\Programming\CG\Lab_1\Image_Processing\Image_Processing\Filters.h(65,62): warning C4244: аргумент: преобразование "float" в "int", возможна потеря данных
D:\Programming\CG\Lab_1\Image_Processing\Image_Processing\Filters.h(65,51): warning C4244: аргумент: преобразование "float" в "int", возможна потеря данных
D:\Programming\CG\Lab_1\Image_Processing\Image_Processing\Filters.h(65,40): warning C4244: аргумент: преобразование "float" в "int", возможна потеря данных
D:\Programming\CG\Lab_1\Image_Processing\Image_Processing\Filters.h(75,20): warning C4244: инициализация: преобразование "double" в "float", возможна потеря данных
D:\Programming\CG\Lab_1\Image_Processing\Image_Processing\Filters.h(77,56): warning C4244: аргумент: преобразование "float" в "int", возможна потеря данных
D:\Programming\CG\Lab_1\Image_Processing\Image_Processing\Filters.h(78,29): warning C4244: аргумент: преобразование "double" в "int", возможна потеря данных
D:\Programming\CG\Lab_1\Image_Processing\Image_Processing\Filters.h(79,29): warning C4244: аргумент: преобразование "float" в "int", возможна потеря данных
D:\Programming\CG\Lab_1\Image_Processing\Image_Processing\Filters.h(90,60): warning C4244: аргумент: преобразование "float" в "int", возможна потеря данных
D:\Programming\CG\Lab_1\Image_Processing\Image_Processing\Filters.h(91,25): warning C4244: аргумент: преобразование "float" в "int", возможна потеря данных
D:\Programming\CG\Lab_1\Image_Processing\Image_Processing\Filters.h(92,25): warning C4244: аргумент: преобразование "float" в "int", возможна потеря данных
D:\Programming\CG\Lab_1\Image_Processing\Image_Processing\Filters.h(141,22): warning C4018: <: несоответствие типов со знаком и без знака
D:\Programming\CG\Lab_1\Image_Processing\Image_Processing\Filters.h(145,22): warning C4018: <: несоответствие типов со знаком и без знака
D:\Programming\CG\Lab_1\Image_Processing\Image_Processing\Filters.h(146,23): warning C4018: <: несоответствие типов со знаком и без знака
D:\Programming\CG\Lab_1\Image_Processing\Image_Processing\Filters.h(192,22): warning C4018: <: несоответствие типов со знаком и без знака
D:\Programming\CG\Lab_1\Image_Processing\Image_Processing\Filters.h(213,22): warning C4018: <: несоответствие типов со знаком и без знака
D:\Programming\CG\Lab_1\Image_Processing\Image_Processing\Filters.h(290,13): warning C4244: аргумент: преобразование "float" в "int", возможна потеря данных
D:\Programming\CG\Lab_1\Image_Processing\Image_Processing\Filters.h(289,13): warning C4244: аргумент: преобразование "float" в "int", возможна потеря данных
D:\Programming\CG\Lab_1\Image_Processing\Image_Processing\Filters.h(288,40): warning C4244: аргумент: преобразование "float" в "int", возможна потеря данных
D:\Programming\CG\Lab_1\Image_Processing\Image_Processing\Filters.h(296,60): warning C4244: аргумент: преобразование "float" в "int", возможна потеря данных
D:\Programming\CG\Lab_1\Image_Processing\Image_Processing\Filters.h(297,25): warning C4244: аргумент: преобразование "float" в "int", возможна потеря данных
D:\Programming\CG\Lab_1\Image_Processing\Image_Processing\Filters.h(298,25): warning C4244: аргумент: преобразование "float" в "int", возможна потеря данных
D:\Programming\CG\Lab_1\Image_Processing\Image_Processing\Filters.h(479,22): warning C4018: <: несоответствие типов со знаком и без знака
D:\Programming\CG\Lab_1\Image_Processing\Image_Processing\Filters.h(496,22): warning C4018: <: несоответствие типов со знаком и без знака
D:\Programming\CG\Lab_1\Image_Processing\Image_Processing\MyForm1.h(217,17): warning C4244: =: преобразование "int" в "float", возможна потеря данных
D:\Programming\CG\Lab_1\Image_Processing\Image_Processing\MyForm1.h(218,17): warning C4244: =: преобразование "int" в "float", возможна потеря данных
D:\Programming\CG\Lab_1\Image_Processing\Image_Processing\MyForm1.h(219,17): warning C4244: =: преобразование "int" в "float", возможна потеря данных
D:\Programming\CG\Lab_1\Image_Processing\Image_Processing\MyForm1.h(220,17): warning C4244: =: преобразование "int" в "float", возможна потеря данных
D:\Programming\CG\Lab_1\Image_Processing\Image_Processing\MyForm1.h(221,17): warning C4244: =: преобразование "int" в "float", возможна потеря данных
D:\Programming\CG\Lab_1\Image_Processing\Image_Processing\MyForm1.h(222,17): warning C4244: =: преобразование "int" в "float", возможна потеря данных
D:\Programming\CG\Lab_1\Image_Processing\Image_Processing\MyForm1.h(223,17): warning C4244: =: преобразование "int" в "float", возможна потеря данных
D:\Programming\CG\Lab_1\Image_Processing\Image_Processing\MyForm1.h(224,17): warning C4244: =: преобразование "int" в "float", возможна потеря данных
D:\Programming\CG\Lab_1\Image_Processing\Image_Processing\MyForm1.h(225,17): warning C4244: =: преобразование "int" в "float", возможна потеря данных
D:\Programming\CG\Lab_1\Image_Processing\Image_Processing\MyForm.h(758,22): warning C4018: <: несоответствие типов со знаком и без знака
D:\Programming\CG\Lab_1\Image_Processing\Image_Processing\MyForm.h(768,22): warning C4018: <: несоответствие типов со знаком и без знака
D:\Programming\CG\Lab_1\Image_Processing\Image_Processing\MyForm.h(824,22): warning C4018: <: несоответствие типов со знаком и без знака
D:\Programming\CG\Lab_1\Image_Processing\Image_Processing\MyForm.h(834,22): warning C4018: <: несоответствие типов со знаком и без знака
D:\Programming\CG\Lab_1\Image_Processing\Image_Processing\MyForm.h(873,22): warning C4018: <: несоответствие типов со знаком и без знака
D:\Programming\CG\Lab_1\Image_Processing\Image_Processing\MyForm.h(883,22): warning C4018: <: несоответствие типов со знаком и без знака
D:\Programming\CG\Lab_1\Image_Processing\Image_Processing\MyForm.h(928,22): warning C4018: <: несоответствие типов со знаком и без знака
D:\Programming\CG\Lab_1\Image_Processing\Image_Processing\MyForm.h(938,22): warning C4018: <: несоответствие типов со знаком и без знака
D:\Programming\CG\Lab_1\Image_Processing\Image_Processing\MyForm.h(959,21): warning C4018: <: несоответствие типов со знаком и без знака
D:\Programming\CG\Lab_1\Image_Processing\Image_Processing\MyForm.h(962,21): warning C4018: <: несоответствие типов со знаком и без знака
D:\Programming\CG\Lab_1\Image_Processing\Image_Processing\MyForm.h(963,22): warning C4018: <: несоответствие типов со знаком и без знака
D:\Programming\CG\Lab_1\Image_Processing\Image_Processing\MyForm.h(987,22): warning C4018: <: несоответствие типов со знаком и без знака
D:\Programming\CG\Lab_1\Image_Processing\Image_Processing\MyForm.h(997,22): warning C4018: <: несоответствие типов со знаком и без знака
  MyForm.obj : обнаружен модуль MSIL; для MSIL последовательная компоновка отключена; выполняется полная компоновка
  Image_Processing.vcxproj -> D:\Programming\CG\Lab_1\Image_Processing\Debug\Image_Processing.exe
